[2021-04-08T12:39:48.429+0200] [glassfish 5.0] [INFO] [NCLS-LOGGING-00009] [javax.enterprise.logging] [tid: _ThreadID=18 _ThreadName=RunLevelControllerThread-1617878388319] [timeMillis: 1617878388429] [levelValue: 800] [[
  Running GlassFish Version: GlassFish Server Open Source Edition  5.0  (build 25)]]

[2021-04-08T12:39:48.431+0200] [glassfish 5.0] [INFO] [NCLS-LOGGING-00010] [javax.enterprise.logging] [tid: _ThreadID=18 _ThreadName=RunLevelControllerThread-1617878388319] [timeMillis: 1617878388431] [levelValue: 800] [[
  Server log file is using Formatter class: com.sun.enterprise.server.logging.ODLLogFormatter]]

[2021-04-08T12:39:48.534+0200] [glassfish 5.0] [INFO] [NCLS-SECURITY-01115] [javax.enterprise.system.core.security] [tid: _ThreadID=20 _ThreadName=RunLevelControllerThread-1617878388323] [timeMillis: 1617878388534] [levelValue: 800] [[
  Realm [admin-realm] of classtype [com.sun.enterprise.security.auth.realm.file.FileRealm] successfully created.]]

[2021-04-08T12:39:48.535+0200] [glassfish 5.0] [INFO] [NCLS-SECURITY-01115] [javax.enterprise.system.core.security] [tid: _ThreadID=20 _ThreadName=RunLevelControllerThread-1617878388323] [timeMillis: 1617878388535] [levelValue: 800] [[
  Realm [file] of classtype [com.sun.enterprise.security.auth.realm.file.FileRealm] successfully created.]]

[2021-04-08T12:39:48.539+0200] [glassfish 5.0] [INFO] [NCLS-SECURITY-01115] [javax.enterprise.system.core.security] [tid: _ThreadID=20 _ThreadName=RunLevelControllerThread-1617878388323] [timeMillis: 1617878388539] [levelValue: 800] [[
  Realm [certificate] of classtype [com.sun.enterprise.security.auth.realm.certificate.CertificateRealm] successfully created.]]

[2021-04-08T12:39:48.794+0200] [glassfish 5.0] [INFO] [] [org.hibernate.validator.internal.util.Version] [tid: _ThreadID=19 _ThreadName=RunLevelControllerThread-1617878388323] [timeMillis: 1617878388794] [levelValue: 800] [[
  HV000001: Hibernate Validator 6.0.2.Final]]

[2021-04-08T12:39:48.795+0200] [glassfish 5.0] [INFO] [SEC-SVCS-00100] [javax.enterprise.security.services] [tid: _ThreadID=18 _ThreadName=RunLevelControllerThread-1617878388319] [timeMillis: 1617878388795] [levelValue: 800] [[
  Authorization Service has successfully initialized.]]

[2021-04-08T12:39:48.845+0200] [glassfish 5.0] [INFO] [] [org.glassfish.ha.store.spi.BackingStoreFactoryRegistry] [tid: _ThreadID=17 _ThreadName=RunLevelControllerThread-1617878388318] [timeMillis: 1617878388845] [levelValue: 800] [[
  Registered org.glassfish.ha.store.adapter.cache.ShoalBackingStoreProxy for persistence-type = replicated in BackingStoreFactoryRegistry]]

[2021-04-08T12:39:48.908+0200] [glassfish 5.0] [INFO] [NCLS-CORE-00087] [javax.enterprise.system.core] [tid: _ThreadID=20 _ThreadName=RunLevelControllerThread-1617878388323] [timeMillis: 1617878388908] [levelValue: 800] [[
  Grizzly Framework 2.4.1 started in: 20ms - bound to [/0.0.0.0:8080]]]

[2021-04-08T12:39:48.926+0200] [glassfish 5.0] [INFO] [NCLS-CORE-00087] [javax.enterprise.system.core] [tid: _ThreadID=20 _ThreadName=RunLevelControllerThread-1617878388323] [timeMillis: 1617878388926] [levelValue: 800] [[
  Grizzly Framework 2.4.1 started in: 0ms - bound to [/0.0.0.0:8181]]]

[2021-04-08T12:39:48.932+0200] [glassfish 5.0] [INFO] [NCLS-CORE-00087] [javax.enterprise.system.core] [tid: _ThreadID=20 _ThreadName=RunLevelControllerThread-1617878388323] [timeMillis: 1617878388932] [levelValue: 800] [[
  Grizzly Framework 2.4.1 started in: 0ms - bound to [/0.0.0.0:4848]]]

[2021-04-08T12:39:48.964+0200] [glassfish 5.0] [INFO] [NCLS-CORE-00087] [javax.enterprise.system.core] [tid: _ThreadID=17 _ThreadName=RunLevelControllerThread-1617878388318] [timeMillis: 1617878388964] [levelValue: 800] [[
  Grizzly Framework 2.4.1 started in: 0ms - bound to [/0.0.0.0:3700]]]

[2021-04-08T12:39:49.156+0200] [glassfish 5.0] [INFO] [NCLS-CORE-00017] [javax.enterprise.system.core] [tid: _ThreadID=1 _ThreadName=main] [timeMillis: 1617878389156] [levelValue: 800] [[
  GlassFish Server Open Source Edition  5.0  (25) startup time : Felix (1,648ms), startup services(842ms), total(2,490ms)]]

[2021-04-08T12:39:49.230+0200] [glassfish 5.0] [INFO] [jts.startup_msg] [javax.enterprise.system.core.transaction.com.sun.jts.CosTransactions] [tid: _ThreadID=17 _ThreadName=RunLevelControllerThread-1617878388318] [timeMillis: 1617878389230] [levelValue: 800] [[
  JTS5014: Recoverable JTS instance, serverId = [100]]]

[2021-04-08T12:39:49.364+0200] [glassfish 5.0] [INFO] [NCLS-JMX-00005] [javax.enterprise.system.jmx] [tid: _ThreadID=64 _ThreadName=Thread-15] [timeMillis: 1617878389364] [levelValue: 800] [[
  JMXStartupService has started JMXConnector on JMXService URL service:jmx:rmi://pop-os.localdomain:8686/jndi/rmi://pop-os.localdomain:8686/jmxrmi]]

[2021-04-08T12:39:49.533+0200] [glassfish 5.0] [INFO] [NCLS-CORE-00087] [javax.enterprise.system.core] [tid: _ThreadID=18 _ThreadName=RunLevelControllerThread-1617878388319] [timeMillis: 1617878389533] [levelValue: 800] [[
  Grizzly Framework 2.4.1 started in: 0ms - bound to [/0.0.0.0:7676]]]

[2021-04-08T12:39:49.534+0200] [glassfish 5.0] [INFO] [NCLS-BOOTSTRAP-00027] [javax.enterprise.bootstrap] [tid: _ThreadID=1 _ThreadName=main] [timeMillis: 1617878389534] [levelValue: 800] [[
  Registered com.sun.enterprise.glassfish.bootstrap.osgi.EmbeddedOSGiGlassFishImpl@4e3e11b9 as OSGi service registration: org.apache.felix.framework.ServiceRegistrationImpl@4207852d.]]

[2021-04-16T16:38:10.646+0200] [glassfish 5.0] [INFO] [NCLS-LOGGING-00009] [javax.enterprise.logging] [tid: _ThreadID=23 _ThreadName=RunLevelControllerThread-1618583890555] [timeMillis: 1618583890646] [levelValue: 800] [[
  Running GlassFish Version: GlassFish Server Open Source Edition  5.0  (build 25)]]

[2021-04-16T16:38:10.647+0200] [glassfish 5.0] [INFO] [NCLS-LOGGING-00010] [javax.enterprise.logging] [tid: _ThreadID=23 _ThreadName=RunLevelControllerThread-1618583890555] [timeMillis: 1618583890647] [levelValue: 800] [[
  Server log file is using Formatter class: com.sun.enterprise.server.logging.ODLLogFormatter]]

[2021-04-16T16:38:10.742+0200] [glassfish 5.0] [INFO] [NCLS-SECURITY-01115] [javax.enterprise.system.core.security] [tid: _ThreadID=24 _ThreadName=RunLevelControllerThread-1618583890560] [timeMillis: 1618583890742] [levelValue: 800] [[
  Realm [admin-realm] of classtype [com.sun.enterprise.security.auth.realm.file.FileRealm] successfully created.]]

[2021-04-16T16:38:10.744+0200] [glassfish 5.0] [INFO] [NCLS-SECURITY-01115] [javax.enterprise.system.core.security] [tid: _ThreadID=24 _ThreadName=RunLevelControllerThread-1618583890560] [timeMillis: 1618583890744] [levelValue: 800] [[
  Realm [file] of classtype [com.sun.enterprise.security.auth.realm.file.FileRealm] successfully created.]]

[2021-04-16T16:38:10.749+0200] [glassfish 5.0] [INFO] [NCLS-SECURITY-01115] [javax.enterprise.system.core.security] [tid: _ThreadID=24 _ThreadName=RunLevelControllerThread-1618583890560] [timeMillis: 1618583890749] [levelValue: 800] [[
  Realm [certificate] of classtype [com.sun.enterprise.security.auth.realm.certificate.CertificateRealm] successfully created.]]

[2021-04-16T16:38:10.998+0200] [glassfish 5.0] [INFO] [] [org.glassfish.ha.store.spi.BackingStoreFactoryRegistry] [tid: _ThreadID=23 _ThreadName=RunLevelControllerThread-1618583890555] [timeMillis: 1618583890998] [levelValue: 800] [[
  Registered org.glassfish.ha.store.adapter.cache.ShoalBackingStoreProxy for persistence-type = replicated in BackingStoreFactoryRegistry]]

[2021-04-16T16:38:11.001+0200] [glassfish 5.0] [INFO] [SEC-SVCS-00100] [javax.enterprise.security.services] [tid: _ThreadID=25 _ThreadName=RunLevelControllerThread-1618583890560] [timeMillis: 1618583891001] [levelValue: 800] [[
  Authorization Service has successfully initialized.]]

[2021-04-16T16:38:11.087+0200] [glassfish 5.0] [INFO] [NCLS-CORE-00087] [javax.enterprise.system.core] [tid: _ThreadID=22 _ThreadName=RunLevelControllerThread-1618583890555] [timeMillis: 1618583891087] [levelValue: 800] [[
  Grizzly Framework 2.4.1 started in: 20ms - bound to [/0.0.0.0:8080]]]

[2021-04-16T16:38:11.107+0200] [glassfish 5.0] [INFO] [NCLS-CORE-00087] [javax.enterprise.system.core] [tid: _ThreadID=22 _ThreadName=RunLevelControllerThread-1618583890555] [timeMillis: 1618583891107] [levelValue: 800] [[
  Grizzly Framework 2.4.1 started in: 0ms - bound to [/0.0.0.0:8181]]]

[2021-04-16T16:38:11.122+0200] [glassfish 5.0] [INFO] [NCLS-CORE-00087] [javax.enterprise.system.core] [tid: _ThreadID=22 _ThreadName=RunLevelControllerThread-1618583890555] [timeMillis: 1618583891122] [levelValue: 800] [[
  Grizzly Framework 2.4.1 started in: 8ms - bound to [/0.0.0.0:4848]]]

[2021-04-16T16:38:11.174+0200] [glassfish 5.0] [INFO] [NCLS-CORE-00087] [javax.enterprise.system.core] [tid: _ThreadID=24 _ThreadName=RunLevelControllerThread-1618583890560] [timeMillis: 1618583891174] [levelValue: 800] [[
  Grizzly Framework 2.4.1 started in: 0ms - bound to [/0.0.0.0:3700]]]

[2021-04-16T16:38:11.176+0200] [glassfish 5.0] [INFO] [NCLS-CORE-00017] [javax.enterprise.system.core] [tid: _ThreadID=1 _ThreadName=main] [timeMillis: 1618583891176] [levelValue: 800] [[
  GlassFish Server Open Source Edition  5.0  (25) startup time : Felix (2,531ms), startup services(626ms), total(3,157ms)]]

[2021-04-16T16:38:11.299+0200] [glassfish 5.0] [INFO] [jts.startup_msg] [javax.enterprise.system.core.transaction.com.sun.jts.CosTransactions] [tid: _ThreadID=22 _ThreadName=RunLevelControllerThread-1618583890555] [timeMillis: 1618583891299] [levelValue: 800] [[
  JTS5014: Recoverable JTS instance, serverId = [100]]]

[2021-04-16T16:38:11.459+0200] [glassfish 5.0] [INFO] [NCLS-JMX-00005] [javax.enterprise.system.jmx] [tid: _ThreadID=59 _ThreadName=Thread-16] [timeMillis: 1618583891459] [levelValue: 800] [[
  JMXStartupService has started JMXConnector on JMXService URL service:jmx:rmi://pop-os.localdomain:8686/jndi/rmi://pop-os.localdomain:8686/jmxrmi]]

[2021-04-16T16:38:11.489+0200] [glassfish 5.0] [INFO] [] [org.hibernate.validator.internal.util.Version] [tid: _ThreadID=25 _ThreadName=RunLevelControllerThread-1618583890560] [timeMillis: 1618583891489] [levelValue: 800] [[
  HV000001: Hibernate Validator 6.0.2.Final]]

[2021-04-16T16:38:12.192+0200] [glassfish 5.0] [INFO] [NCLS-CORE-00087] [javax.enterprise.system.core] [tid: _ThreadID=25 _ThreadName=RunLevelControllerThread-1618583890560] [timeMillis: 1618583892192] [levelValue: 800] [[
  Grizzly Framework 2.4.1 started in: 16ms - bound to [/0.0.0.0:7676]]]

[2021-04-16T16:38:12.194+0200] [glassfish 5.0] [INFO] [NCLS-BOOTSTRAP-00027] [javax.enterprise.bootstrap] [tid: _ThreadID=1 _ThreadName=main] [timeMillis: 1618583892194] [levelValue: 800] [[
  Registered com.sun.enterprise.glassfish.bootstrap.osgi.EmbeddedOSGiGlassFishImpl@2a7ebe07 as OSGi service registration: org.apache.felix.framework.ServiceRegistrationImpl@3d033453.]]

[2021-04-16T16:38:12.415+0200] [glassfish 5.0] [INFO] [] [] [tid: _ThreadID=20 _ThreadName=Thread-10] [timeMillis: 1618583892415] [levelValue: 800] [[
  /home/aliocha/Workspace/M1S2/SRCS/libraries/glassfish5/glassfish/domains/domain1/autodeploy/bundles does not exist, please create it.]]

[2021-04-16T20:53:14.022+0200] [glassfish 5.0] [INFO] [NCLS-LOGGING-00009] [javax.enterprise.logging] [tid: _ThreadID=17 _ThreadName=RunLevelControllerThread-1618599193934] [timeMillis: 1618599194022] [levelValue: 800] [[
  Running GlassFish Version: GlassFish Server Open Source Edition  5.0  (build 25)]]

[2021-04-16T20:53:14.024+0200] [glassfish 5.0] [INFO] [NCLS-LOGGING-00010] [javax.enterprise.logging] [tid: _ThreadID=17 _ThreadName=RunLevelControllerThread-1618599193934] [timeMillis: 1618599194024] [levelValue: 800] [[
  Server log file is using Formatter class: com.sun.enterprise.server.logging.ODLLogFormatter]]

[2021-04-16T20:53:14.136+0200] [glassfish 5.0] [INFO] [NCLS-SECURITY-01115] [javax.enterprise.system.core.security] [tid: _ThreadID=16 _ThreadName=RunLevelControllerThread-1618599193933] [timeMillis: 1618599194136] [levelValue: 800] [[
  Realm [admin-realm] of classtype [com.sun.enterprise.security.auth.realm.file.FileRealm] successfully created.]]

[2021-04-16T20:53:14.137+0200] [glassfish 5.0] [INFO] [NCLS-SECURITY-01115] [javax.enterprise.system.core.security] [tid: _ThreadID=16 _ThreadName=RunLevelControllerThread-1618599193933] [timeMillis: 1618599194137] [levelValue: 800] [[
  Realm [file] of classtype [com.sun.enterprise.security.auth.realm.file.FileRealm] successfully created.]]

[2021-04-16T20:53:14.142+0200] [glassfish 5.0] [INFO] [NCLS-SECURITY-01115] [javax.enterprise.system.core.security] [tid: _ThreadID=16 _ThreadName=RunLevelControllerThread-1618599193933] [timeMillis: 1618599194142] [levelValue: 800] [[
  Realm [certificate] of classtype [com.sun.enterprise.security.auth.realm.certificate.CertificateRealm] successfully created.]]

[2021-04-16T20:53:14.285+0200] [glassfish 5.0] [INFO] [SEC-SVCS-00100] [javax.enterprise.security.services] [tid: _ThreadID=17 _ThreadName=RunLevelControllerThread-1618599193934] [timeMillis: 1618599194285] [levelValue: 800] [[
  Authorization Service has successfully initialized.]]

[2021-04-16T20:53:14.434+0200] [glassfish 5.0] [INFO] [] [org.glassfish.ha.store.spi.BackingStoreFactoryRegistry] [tid: _ThreadID=16 _ThreadName=RunLevelControllerThread-1618599193933] [timeMillis: 1618599194434] [levelValue: 800] [[
  Registered org.glassfish.ha.store.adapter.cache.ShoalBackingStoreProxy for persistence-type = replicated in BackingStoreFactoryRegistry]]

[2021-04-16T20:53:14.500+0200] [glassfish 5.0] [INFO] [NCLS-CORE-00087] [javax.enterprise.system.core] [tid: _ThreadID=18 _ThreadName=RunLevelControllerThread-1618599193939] [timeMillis: 1618599194500] [levelValue: 800] [[
  Grizzly Framework 2.4.1 started in: 12ms - bound to [/0.0.0.0:8080]]]

[2021-04-16T20:53:14.519+0200] [glassfish 5.0] [INFO] [NCLS-CORE-00087] [javax.enterprise.system.core] [tid: _ThreadID=18 _ThreadName=RunLevelControllerThread-1618599193939] [timeMillis: 1618599194519] [levelValue: 800] [[
  Grizzly Framework 2.4.1 started in: 1ms - bound to [/0.0.0.0:8181]]]

[2021-04-16T20:53:14.527+0200] [glassfish 5.0] [INFO] [NCLS-CORE-00087] [javax.enterprise.system.core] [tid: _ThreadID=18 _ThreadName=RunLevelControllerThread-1618599193939] [timeMillis: 1618599194527] [levelValue: 800] [[
  Grizzly Framework 2.4.1 started in: 1ms - bound to [/0.0.0.0:4848]]]

[2021-04-16T20:53:14.554+0200] [glassfish 5.0] [INFO] [NCLS-CORE-00087] [javax.enterprise.system.core] [tid: _ThreadID=17 _ThreadName=RunLevelControllerThread-1618599193934] [timeMillis: 1618599194554] [levelValue: 800] [[
  Grizzly Framework 2.4.1 started in: 0ms - bound to [/0.0.0.0:3700]]]

[2021-04-16T20:53:14.556+0200] [glassfish 5.0] [INFO] [NCLS-CORE-00017] [javax.enterprise.system.core] [tid: _ThreadID=1 _ThreadName=main] [timeMillis: 1618599194556] [levelValue: 800] [[
  GlassFish Server Open Source Edition  5.0  (25) startup time : Felix (1,482ms), startup services(627ms), total(2,109ms)]]

[2021-04-16T20:53:14.635+0200] [glassfish 5.0] [INFO] [jts.startup_msg] [javax.enterprise.system.core.transaction.com.sun.jts.CosTransactions] [tid: _ThreadID=18 _ThreadName=RunLevelControllerThread-1618599193939] [timeMillis: 1618599194635] [levelValue: 800] [[
  JTS5014: Recoverable JTS instance, serverId = [100]]]

[2021-04-16T20:53:14.732+0200] [glassfish 5.0] [INFO] [NCLS-JMX-00005] [javax.enterprise.system.jmx] [tid: _ThreadID=53 _ThreadName=Thread-14] [timeMillis: 1618599194732] [levelValue: 800] [[
  JMXStartupService has started JMXConnector on JMXService URL service:jmx:rmi://pop-os.localdomain:8686/jndi/rmi://pop-os.localdomain:8686/jmxrmi]]

[2021-04-16T20:53:14.789+0200] [glassfish 5.0] [INFO] [] [org.hibernate.validator.internal.util.Version] [tid: _ThreadID=19 _ThreadName=RunLevelControllerThread-1618599193939] [timeMillis: 1618599194789] [levelValue: 800] [[
  HV000001: Hibernate Validator 6.0.2.Final]]

[2021-04-16T20:53:15.104+0200] [glassfish 5.0] [INFO] [NCLS-CORE-00087] [javax.enterprise.system.core] [tid: _ThreadID=19 _ThreadName=RunLevelControllerThread-1618599193939] [timeMillis: 1618599195104] [levelValue: 800] [[
  Grizzly Framework 2.4.1 started in: 0ms - bound to [/0.0.0.0:7676]]]

[2021-04-16T20:53:15.106+0200] [glassfish 5.0] [INFO] [NCLS-BOOTSTRAP-00027] [javax.enterprise.bootstrap] [tid: _ThreadID=1 _ThreadName=main] [timeMillis: 1618599195106] [levelValue: 800] [[
  Registered com.sun.enterprise.glassfish.bootstrap.osgi.EmbeddedOSGiGlassFishImpl@7bbbb6a8 as OSGi service registration: org.apache.felix.framework.ServiceRegistrationImpl@b18c4.]]

[2021-04-16T20:53:15.330+0200] [glassfish 5.0] [INFO] [] [] [tid: _ThreadID=14 _ThreadName=Thread-8] [timeMillis: 1618599195330] [levelValue: 800] [[
  /home/aliocha/Workspace/M1S2/SRCS/libraries/glassfish5/glassfish/domains/domain1/autodeploy/bundles does not exist, please create it.]]

[2021-04-16T20:53:45.191+0200] [glassfish 5.0] [INFO] [NCLS-CORE-00092] [javax.enterprise.system.core] [tid: _ThreadID=91 _ThreadName=Thread-22] [timeMillis: 1618599225191] [levelValue: 800] [[
  Server shutdown initiated]]

[2021-04-16T20:53:45.194+0200] [glassfish 5.0] [INFO] [NCLS-BOOTSTRAP-00028] [javax.enterprise.bootstrap] [tid: _ThreadID=91 _ThreadName=Thread-22] [timeMillis: 1618599225194] [levelValue: 800] [[
  Unregistered com.sun.enterprise.glassfish.bootstrap.osgi.EmbeddedOSGiGlassFishImpl@7bbbb6a8 from service registry.]]

[2021-04-16T20:53:45.194+0200] [glassfish 5.0] [INFO] [] [] [tid: _ThreadID=91 _ThreadName=Thread-8] [timeMillis: 1618599225194] [levelValue: 800] [[
  FileMonitoring shutdown]]

[2021-04-16T20:53:45.196+0200] [glassfish 5.0] [INFO] [NCLS-JMX-00002] [javax.enterprise.system.jmx] [tid: _ThreadID=91 _ThreadName=Thread-22] [timeMillis: 1618599225196] [levelValue: 800] [[
  JMXStartupService: Stopped JMXConnectorServer: null]]

[2021-04-16T20:53:45.197+0200] [glassfish 5.0] [INFO] [NCLS-JMX-00001] [javax.enterprise.system.jmx] [tid: _ThreadID=91 _ThreadName=Thread-22] [timeMillis: 1618599225197] [levelValue: 800] [[
  JMXStartupService and JMXConnectors have been shut down.]]

[2021-04-16T20:53:45.255+0200] [glassfish 5.0] [INFO] [] [] [tid: _ThreadID=94 _ThreadName=Thread-8] [timeMillis: 1618599225255] [levelValue: 800] [[
  JdbcRuntimeExtension,  getAllSystemRAResourcesAndPools = [GlassFishConfigBean.org.glassfish.jdbc.config.JdbcResource, GlassFishConfigBean.org.glassfish.jdbc.config.JdbcResource, GlassFishConfigBean.org.glassfish.jdbc.config.JdbcResource, GlassFishConfigBean.org.glassfish.jdbc.config.JdbcConnectionPool, GlassFishConfigBean.org.glassfish.jdbc.config.JdbcConnectionPool, GlassFishConfigBean.org.glassfish.jdbc.config.JdbcConnectionPool]]]

[2021-04-16T20:53:57.031+0200] [glassfish 5.0] [INFO] [NCLS-LOGGING-00009] [javax.enterprise.logging] [tid: _ThreadID=17 _ThreadName=RunLevelControllerThread-1618599236940] [timeMillis: 1618599237031] [levelValue: 800] [[
  Running GlassFish Version: GlassFish Server Open Source Edition  5.0  (build 25)]]

[2021-04-16T20:53:57.033+0200] [glassfish 5.0] [INFO] [NCLS-LOGGING-00010] [javax.enterprise.logging] [tid: _ThreadID=17 _ThreadName=RunLevelControllerThread-1618599236940] [timeMillis: 1618599237033] [levelValue: 800] [[
  Server log file is using Formatter class: com.sun.enterprise.server.logging.ODLLogFormatter]]

[2021-04-16T20:53:57.165+0200] [glassfish 5.0] [INFO] [NCLS-SECURITY-01115] [javax.enterprise.system.core.security] [tid: _ThreadID=16 _ThreadName=RunLevelControllerThread-1618599236939] [timeMillis: 1618599237165] [levelValue: 800] [[
  Realm [admin-realm] of classtype [com.sun.enterprise.security.auth.realm.file.FileRealm] successfully created.]]

[2021-04-16T20:53:57.166+0200] [glassfish 5.0] [INFO] [NCLS-SECURITY-01115] [javax.enterprise.system.core.security] [tid: _ThreadID=16 _ThreadName=RunLevelControllerThread-1618599236939] [timeMillis: 1618599237166] [levelValue: 800] [[
  Realm [file] of classtype [com.sun.enterprise.security.auth.realm.file.FileRealm] successfully created.]]

[2021-04-16T20:53:57.171+0200] [glassfish 5.0] [INFO] [NCLS-SECURITY-01115] [javax.enterprise.system.core.security] [tid: _ThreadID=16 _ThreadName=RunLevelControllerThread-1618599236939] [timeMillis: 1618599237171] [levelValue: 800] [[
  Realm [certificate] of classtype [com.sun.enterprise.security.auth.realm.certificate.CertificateRealm] successfully created.]]

[2021-04-16T20:53:57.338+0200] [glassfish 5.0] [INFO] [SEC-SVCS-00100] [javax.enterprise.security.services] [tid: _ThreadID=19 _ThreadName=RunLevelControllerThread-1618599236945] [timeMillis: 1618599237338] [levelValue: 800] [[
  Authorization Service has successfully initialized.]]

[2021-04-16T20:53:57.521+0200] [glassfish 5.0] [INFO] [] [org.glassfish.ha.store.spi.BackingStoreFactoryRegistry] [tid: _ThreadID=19 _ThreadName=RunLevelControllerThread-1618599236945] [timeMillis: 1618599237521] [levelValue: 800] [[
  Registered org.glassfish.ha.store.adapter.cache.ShoalBackingStoreProxy for persistence-type = replicated in BackingStoreFactoryRegistry]]

[2021-04-16T20:53:57.582+0200] [glassfish 5.0] [INFO] [NCLS-CORE-00087] [javax.enterprise.system.core] [tid: _ThreadID=18 _ThreadName=RunLevelControllerThread-1618599236945] [timeMillis: 1618599237582] [levelValue: 800] [[
  Grizzly Framework 2.4.1 started in: 16ms - bound to [/0.0.0.0:8080]]]

[2021-04-16T20:53:57.603+0200] [glassfish 5.0] [INFO] [NCLS-CORE-00087] [javax.enterprise.system.core] [tid: _ThreadID=18 _ThreadName=RunLevelControllerThread-1618599236945] [timeMillis: 1618599237603] [levelValue: 800] [[
  Grizzly Framework 2.4.1 started in: 0ms - bound to [/0.0.0.0:8181]]]

[2021-04-16T20:53:57.609+0200] [glassfish 5.0] [INFO] [NCLS-CORE-00087] [javax.enterprise.system.core] [tid: _ThreadID=18 _ThreadName=RunLevelControllerThread-1618599236945] [timeMillis: 1618599237609] [levelValue: 800] [[
  Grizzly Framework 2.4.1 started in: 0ms - bound to [/0.0.0.0:4848]]]

[2021-04-16T20:53:57.647+0200] [glassfish 5.0] [INFO] [NCLS-CORE-00087] [javax.enterprise.system.core] [tid: _ThreadID=16 _ThreadName=RunLevelControllerThread-1618599236939] [timeMillis: 1618599237647] [levelValue: 800] [[
  Grizzly Framework 2.4.1 started in: 1ms - bound to [/0.0.0.0:3700]]]

[2021-04-16T20:53:57.648+0200] [glassfish 5.0] [INFO] [NCLS-CORE-00017] [javax.enterprise.system.core] [tid: _ThreadID=1 _ThreadName=main] [timeMillis: 1618599237648] [levelValue: 800] [[
  GlassFish Server Open Source Edition  5.0  (25) startup time : Felix (1,491ms), startup services(715ms), total(2,206ms)]]

[2021-04-16T20:53:57.717+0200] [glassfish 5.0] [INFO] [jts.startup_msg] [javax.enterprise.system.core.transaction.com.sun.jts.CosTransactions] [tid: _ThreadID=18 _ThreadName=RunLevelControllerThread-1618599236945] [timeMillis: 1618599237717] [levelValue: 800] [[
  JTS5014: Recoverable JTS instance, serverId = [100]]]

[2021-04-16T20:53:57.851+0200] [glassfish 5.0] [INFO] [NCLS-JMX-00005] [javax.enterprise.system.jmx] [tid: _ThreadID=54 _ThreadName=Thread-15] [timeMillis: 1618599237851] [levelValue: 800] [[
  JMXStartupService has started JMXConnector on JMXService URL service:jmx:rmi://pop-os.localdomain:8686/jndi/rmi://pop-os.localdomain:8686/jmxrmi]]

[2021-04-16T20:53:57.880+0200] [glassfish 5.0] [INFO] [] [org.hibernate.validator.internal.util.Version] [tid: _ThreadID=17 _ThreadName=RunLevelControllerThread-1618599236940] [timeMillis: 1618599237880] [levelValue: 800] [[
  HV000001: Hibernate Validator 6.0.2.Final]]

[2021-04-16T20:53:58.181+0200] [glassfish 5.0] [INFO] [NCLS-CORE-00087] [javax.enterprise.system.core] [tid: _ThreadID=17 _ThreadName=RunLevelControllerThread-1618599236940] [timeMillis: 1618599238181] [levelValue: 800] [[
  Grizzly Framework 2.4.1 started in: 0ms - bound to [/0.0.0.0:7676]]]

[2021-04-16T20:53:58.183+0200] [glassfish 5.0] [INFO] [NCLS-BOOTSTRAP-00027] [javax.enterprise.bootstrap] [tid: _ThreadID=1 _ThreadName=main] [timeMillis: 1618599238183] [levelValue: 800] [[
  Registered com.sun.enterprise.glassfish.bootstrap.osgi.EmbeddedOSGiGlassFishImpl@7bbbb6a8 as OSGi service registration: org.apache.felix.framework.ServiceRegistrationImpl@b18c4.]]

[2021-04-16T20:53:58.541+0200] [glassfish 5.0] [INFO] [] [] [tid: _ThreadID=14 _ThreadName=Thread-8] [timeMillis: 1618599238541] [levelValue: 800] [[
  /home/aliocha/Workspace/M1S2/SRCS/libraries/glassfish5/glassfish/domains/domain1/autodeploy/bundles does not exist, please create it.]]

[2021-04-17T13:00:24.997+0200] [glassfish 5.0] [INFO] [NCLS-LOGGING-00009] [javax.enterprise.logging] [tid: _ThreadID=17 _ThreadName=RunLevelControllerThread-1618657224888] [timeMillis: 1618657224997] [levelValue: 800] [[
  Running GlassFish Version: GlassFish Server Open Source Edition  5.0  (build 25)]]

[2021-04-17T13:00:24.999+0200] [glassfish 5.0] [INFO] [NCLS-LOGGING-00010] [javax.enterprise.logging] [tid: _ThreadID=17 _ThreadName=RunLevelControllerThread-1618657224888] [timeMillis: 1618657224999] [levelValue: 800] [[
  Server log file is using Formatter class: com.sun.enterprise.server.logging.ODLLogFormatter]]

[2021-04-17T13:00:25.130+0200] [glassfish 5.0] [INFO] [NCLS-SECURITY-01115] [javax.enterprise.system.core.security] [tid: _ThreadID=18 _ThreadName=RunLevelControllerThread-1618657224894] [timeMillis: 1618657225130] [levelValue: 800] [[
  Realm [admin-realm] of classtype [com.sun.enterprise.security.auth.realm.file.FileRealm] successfully created.]]

[2021-04-17T13:00:25.133+0200] [glassfish 5.0] [INFO] [NCLS-SECURITY-01115] [javax.enterprise.system.core.security] [tid: _ThreadID=18 _ThreadName=RunLevelControllerThread-1618657224894] [timeMillis: 1618657225133] [levelValue: 800] [[
  Realm [file] of classtype [com.sun.enterprise.security.auth.realm.file.FileRealm] successfully created.]]

[2021-04-17T13:00:25.138+0200] [glassfish 5.0] [INFO] [NCLS-SECURITY-01115] [javax.enterprise.system.core.security] [tid: _ThreadID=18 _ThreadName=RunLevelControllerThread-1618657224894] [timeMillis: 1618657225138] [levelValue: 800] [[
  Realm [certificate] of classtype [com.sun.enterprise.security.auth.realm.certificate.CertificateRealm] successfully created.]]

[2021-04-17T13:00:25.251+0200] [glassfish 5.0] [INFO] [SEC-SVCS-00100] [javax.enterprise.security.services] [tid: _ThreadID=18 _ThreadName=RunLevelControllerThread-1618657224894] [timeMillis: 1618657225251] [levelValue: 800] [[
  Authorization Service has successfully initialized.]]

[2021-04-17T13:00:25.467+0200] [glassfish 5.0] [INFO] [] [org.glassfish.ha.store.spi.BackingStoreFactoryRegistry] [tid: _ThreadID=18 _ThreadName=RunLevelControllerThread-1618657224894] [timeMillis: 1618657225467] [levelValue: 800] [[
  Registered org.glassfish.ha.store.adapter.cache.ShoalBackingStoreProxy for persistence-type = replicated in BackingStoreFactoryRegistry]]

[2021-04-17T13:00:25.646+0200] [glassfish 5.0] [INFO] [NCLS-CORE-00087] [javax.enterprise.system.core] [tid: _ThreadID=16 _ThreadName=RunLevelControllerThread-1618657224888] [timeMillis: 1618657225646] [levelValue: 800] [[
  Grizzly Framework 2.4.1 started in: 32ms - bound to [/0.0.0.0:8080]]]

[2021-04-17T13:00:25.693+0200] [glassfish 5.0] [INFO] [NCLS-CORE-00087] [javax.enterprise.system.core] [tid: _ThreadID=16 _ThreadName=RunLevelControllerThread-1618657224888] [timeMillis: 1618657225693] [levelValue: 800] [[
  Grizzly Framework 2.4.1 started in: 8ms - bound to [/0.0.0.0:8181]]]

[2021-04-17T13:00:25.710+0200] [glassfish 5.0] [INFO] [NCLS-CORE-00087] [javax.enterprise.system.core] [tid: _ThreadID=16 _ThreadName=RunLevelControllerThread-1618657224888] [timeMillis: 1618657225710] [levelValue: 800] [[
  Grizzly Framework 2.4.1 started in: 3ms - bound to [/0.0.0.0:4848]]]

[2021-04-17T13:00:25.761+0200] [glassfish 5.0] [INFO] [NCLS-CORE-00087] [javax.enterprise.system.core] [tid: _ThreadID=18 _ThreadName=RunLevelControllerThread-1618657224894] [timeMillis: 1618657225761] [levelValue: 800] [[
  Grizzly Framework 2.4.1 started in: 1ms - bound to [/0.0.0.0:3700]]]

[2021-04-17T13:00:25.762+0200] [glassfish 5.0] [INFO] [NCLS-CORE-00017] [javax.enterprise.system.core] [tid: _ThreadID=1 _ThreadName=main] [timeMillis: 1618657225762] [levelValue: 800] [[
  GlassFish Server Open Source Edition  5.0  (25) startup time : Felix (1,766ms), startup services(881ms), total(2,647ms)]]

[2021-04-17T13:00:25.873+0200] [glassfish 5.0] [INFO] [jts.startup_msg] [javax.enterprise.system.core.transaction.com.sun.jts.CosTransactions] [tid: _ThreadID=18 _ThreadName=RunLevelControllerThread-1618657224894] [timeMillis: 1618657225873] [levelValue: 800] [[
  JTS5014: Recoverable JTS instance, serverId = [100]]]

[2021-04-17T13:00:26.033+0200] [glassfish 5.0] [INFO] [NCLS-JMX-00005] [javax.enterprise.system.jmx] [tid: _ThreadID=55 _ThreadName=Thread-15] [timeMillis: 1618657226033] [levelValue: 800] [[
  JMXStartupService has started JMXConnector on JMXService URL service:jmx:rmi://pop-os.localdomain:8686/jndi/rmi://pop-os.localdomain:8686/jmxrmi]]

[2021-04-17T13:00:26.062+0200] [glassfish 5.0] [INFO] [] [org.hibernate.validator.internal.util.Version] [tid: _ThreadID=17 _ThreadName=RunLevelControllerThread-1618657224888] [timeMillis: 1618657226062] [levelValue: 800] [[
  HV000001: Hibernate Validator 6.0.2.Final]]

[2021-04-17T13:00:26.409+0200] [glassfish 5.0] [INFO] [NCLS-CORE-00087] [javax.enterprise.system.core] [tid: _ThreadID=17 _ThreadName=RunLevelControllerThread-1618657224888] [timeMillis: 1618657226409] [levelValue: 800] [[
  Grizzly Framework 2.4.1 started in: 1ms - bound to [/0.0.0.0:7676]]]

[2021-04-17T13:00:26.410+0200] [glassfish 5.0] [INFO] [NCLS-BOOTSTRAP-00027] [javax.enterprise.bootstrap] [tid: _ThreadID=1 _ThreadName=main] [timeMillis: 1618657226410] [levelValue: 800] [[
  Registered com.sun.enterprise.glassfish.bootstrap.osgi.EmbeddedOSGiGlassFishImpl@7bbbb6a8 as OSGi service registration: org.apache.felix.framework.ServiceRegistrationImpl@b18c4.]]

[2021-04-17T13:00:26.634+0200] [glassfish 5.0] [INFO] [] [] [tid: _ThreadID=14 _ThreadName=Thread-8] [timeMillis: 1618657226634] [levelValue: 800] [[
  /home/aliocha/Workspace/M1S2/SRCS/libraries/glassfish5/glassfish/domains/domain1/autodeploy/bundles does not exist, please create it.]]

[2021-04-17T13:42:39.666+0200] [glassfish 5.0] [INFO] [NCLS-LOGGING-00009] [javax.enterprise.logging] [tid: _ThreadID=17 _ThreadName=RunLevelControllerThread-1618659759577] [timeMillis: 1618659759666] [levelValue: 800] [[
  Running GlassFish Version: GlassFish Server Open Source Edition  5.0  (build 25)]]

[2021-04-17T13:42:39.668+0200] [glassfish 5.0] [INFO] [NCLS-LOGGING-00010] [javax.enterprise.logging] [tid: _ThreadID=17 _ThreadName=RunLevelControllerThread-1618659759577] [timeMillis: 1618659759668] [levelValue: 800] [[
  Server log file is using Formatter class: com.sun.enterprise.server.logging.ODLLogFormatter]]

[2021-04-17T13:42:39.776+0200] [glassfish 5.0] [INFO] [NCLS-SECURITY-01115] [javax.enterprise.system.core.security] [tid: _ThreadID=18 _ThreadName=RunLevelControllerThread-1618659759584] [timeMillis: 1618659759776] [levelValue: 800] [[
  Realm [admin-realm] of classtype [com.sun.enterprise.security.auth.realm.file.FileRealm] successfully created.]]

[2021-04-17T13:42:39.778+0200] [glassfish 5.0] [INFO] [NCLS-SECURITY-01115] [javax.enterprise.system.core.security] [tid: _ThreadID=18 _ThreadName=RunLevelControllerThread-1618659759584] [timeMillis: 1618659759778] [levelValue: 800] [[
  Realm [file] of classtype [com.sun.enterprise.security.auth.realm.file.FileRealm] successfully created.]]

[2021-04-17T13:42:39.783+0200] [glassfish 5.0] [INFO] [NCLS-SECURITY-01115] [javax.enterprise.system.core.security] [tid: _ThreadID=18 _ThreadName=RunLevelControllerThread-1618659759584] [timeMillis: 1618659759783] [levelValue: 800] [[
  Realm [certificate] of classtype [com.sun.enterprise.security.auth.realm.certificate.CertificateRealm] successfully created.]]

[2021-04-17T13:42:39.923+0200] [glassfish 5.0] [INFO] [SEC-SVCS-00100] [javax.enterprise.security.services] [tid: _ThreadID=19 _ThreadName=RunLevelControllerThread-1618659759584] [timeMillis: 1618659759923] [levelValue: 800] [[
  Authorization Service has successfully initialized.]]

[2021-04-17T13:42:40.081+0200] [glassfish 5.0] [INFO] [] [org.glassfish.ha.store.spi.BackingStoreFactoryRegistry] [tid: _ThreadID=18 _ThreadName=RunLevelControllerThread-1618659759584] [timeMillis: 1618659760081] [levelValue: 800] [[
  Registered org.glassfish.ha.store.adapter.cache.ShoalBackingStoreProxy for persistence-type = replicated in BackingStoreFactoryRegistry]]

[2021-04-17T13:42:40.186+0200] [glassfish 5.0] [INFO] [NCLS-CORE-00087] [javax.enterprise.system.core] [tid: _ThreadID=16 _ThreadName=RunLevelControllerThread-1618659759576] [timeMillis: 1618659760186] [levelValue: 800] [[
  Grizzly Framework 2.4.1 started in: 17ms - bound to [/0.0.0.0:8080]]]

[2021-04-17T13:42:40.207+0200] [glassfish 5.0] [INFO] [NCLS-CORE-00087] [javax.enterprise.system.core] [tid: _ThreadID=16 _ThreadName=RunLevelControllerThread-1618659759576] [timeMillis: 1618659760207] [levelValue: 800] [[
  Grizzly Framework 2.4.1 started in: 0ms - bound to [/0.0.0.0:8181]]]

[2021-04-17T13:42:40.213+0200] [glassfish 5.0] [INFO] [NCLS-CORE-00087] [javax.enterprise.system.core] [tid: _ThreadID=16 _ThreadName=RunLevelControllerThread-1618659759576] [timeMillis: 1618659760213] [levelValue: 800] [[
  Grizzly Framework 2.4.1 started in: 1ms - bound to [/0.0.0.0:4848]]]

[2021-04-17T13:42:40.246+0200] [glassfish 5.0] [INFO] [NCLS-CORE-00087] [javax.enterprise.system.core] [tid: _ThreadID=17 _ThreadName=RunLevelControllerThread-1618659759577] [timeMillis: 1618659760246] [levelValue: 800] [[
  Grizzly Framework 2.4.1 started in: 1ms - bound to [/0.0.0.0:3700]]]

[2021-04-17T13:42:40.247+0200] [glassfish 5.0] [INFO] [NCLS-CORE-00017] [javax.enterprise.system.core] [tid: _ThreadID=1 _ThreadName=main] [timeMillis: 1618659760247] [levelValue: 800] [[
  GlassFish Server Open Source Edition  5.0  (25) startup time : Felix (1,442ms), startup services(676ms), total(2,118ms)]]

[2021-04-17T13:42:40.341+0200] [glassfish 5.0] [INFO] [jts.startup_msg] [javax.enterprise.system.core.transaction.com.sun.jts.CosTransactions] [tid: _ThreadID=16 _ThreadName=RunLevelControllerThread-1618659759576] [timeMillis: 1618659760341] [levelValue: 800] [[
  JTS5014: Recoverable JTS instance, serverId = [100]]]

[2021-04-17T13:42:40.535+0200] [glassfish 5.0] [INFO] [] [org.hibernate.validator.internal.util.Version] [tid: _ThreadID=19 _ThreadName=RunLevelControllerThread-1618659759584] [timeMillis: 1618659760535] [levelValue: 800] [[
  HV000001: Hibernate Validator 6.0.2.Final]]

[2021-04-17T13:42:40.539+0200] [glassfish 5.0] [INFO] [NCLS-JMX-00005] [javax.enterprise.system.jmx] [tid: _ThreadID=53 _ThreadName=Thread-14] [timeMillis: 1618659760539] [levelValue: 800] [[
  JMXStartupService has started JMXConnector on JMXService URL service:jmx:rmi://pop-os.localdomain:8686/jndi/rmi://pop-os.localdomain:8686/jmxrmi]]

[2021-04-17T13:42:41.020+0200] [glassfish 5.0] [INFO] [NCLS-CORE-00087] [javax.enterprise.system.core] [tid: _ThreadID=19 _ThreadName=RunLevelControllerThread-1618659759584] [timeMillis: 1618659761020] [levelValue: 800] [[
  Grizzly Framework 2.4.1 started in: 0ms - bound to [/0.0.0.0:7676]]]

[2021-04-17T13:42:41.022+0200] [glassfish 5.0] [INFO] [NCLS-BOOTSTRAP-00027] [javax.enterprise.bootstrap] [tid: _ThreadID=1 _ThreadName=main] [timeMillis: 1618659761022] [levelValue: 800] [[
  Registered com.sun.enterprise.glassfish.bootstrap.osgi.EmbeddedOSGiGlassFishImpl@7bbbb6a8 as OSGi service registration: org.apache.felix.framework.ServiceRegistrationImpl@b18c4.]]

[2021-04-17T13:42:41.172+0200] [glassfish 5.0] [INFO] [] [] [tid: _ThreadID=14 _ThreadName=Thread-8] [timeMillis: 1618659761172] [levelValue: 800] [[
  /home/aliocha/Workspace/M1S2/SRCS/libraries/glassfish5/glassfish/domains/domain1/autodeploy/bundles does not exist, please create it.]]

[2021-04-17T14:05:43.828+0200] [glassfish 5.0] [INFO] [NCLS-LOGGING-00009] [javax.enterprise.logging] [tid: _ThreadID=17 _ThreadName=RunLevelControllerThread-1618661143745] [timeMillis: 1618661143828] [levelValue: 800] [[
  Running GlassFish Version: GlassFish Server Open Source Edition  5.0  (build 25)]]

[2021-04-17T14:05:43.829+0200] [glassfish 5.0] [INFO] [NCLS-LOGGING-00010] [javax.enterprise.logging] [tid: _ThreadID=17 _ThreadName=RunLevelControllerThread-1618661143745] [timeMillis: 1618661143829] [levelValue: 800] [[
  Server log file is using Formatter class: com.sun.enterprise.server.logging.ODLLogFormatter]]

[2021-04-17T14:05:43.917+0200] [glassfish 5.0] [INFO] [NCLS-SECURITY-01115] [javax.enterprise.system.core.security] [tid: _ThreadID=18 _ThreadName=RunLevelControllerThread-1618661143750] [timeMillis: 1618661143917] [levelValue: 800] [[
  Realm [admin-realm] of classtype [com.sun.enterprise.security.auth.realm.file.FileRealm] successfully created.]]

[2021-04-17T14:05:43.918+0200] [glassfish 5.0] [INFO] [NCLS-SECURITY-01115] [javax.enterprise.system.core.security] [tid: _ThreadID=18 _ThreadName=RunLevelControllerThread-1618661143750] [timeMillis: 1618661143918] [levelValue: 800] [[
  Realm [file] of classtype [com.sun.enterprise.security.auth.realm.file.FileRealm] successfully created.]]

[2021-04-17T14:05:43.922+0200] [glassfish 5.0] [INFO] [NCLS-SECURITY-01115] [javax.enterprise.system.core.security] [tid: _ThreadID=18 _ThreadName=RunLevelControllerThread-1618661143750] [timeMillis: 1618661143922] [levelValue: 800] [[
  Realm [certificate] of classtype [com.sun.enterprise.security.auth.realm.certificate.CertificateRealm] successfully created.]]

[2021-04-17T14:05:44.055+0200] [glassfish 5.0] [INFO] [SEC-SVCS-00100] [javax.enterprise.security.services] [tid: _ThreadID=19 _ThreadName=RunLevelControllerThread-1618661143750] [timeMillis: 1618661144055] [levelValue: 800] [[
  Authorization Service has successfully initialized.]]

[2021-04-17T14:05:44.270+0200] [glassfish 5.0] [INFO] [] [org.glassfish.ha.store.spi.BackingStoreFactoryRegistry] [tid: _ThreadID=17 _ThreadName=RunLevelControllerThread-1618661143745] [timeMillis: 1618661144270] [levelValue: 800] [[
  Registered org.glassfish.ha.store.adapter.cache.ShoalBackingStoreProxy for persistence-type = replicated in BackingStoreFactoryRegistry]]

[2021-04-17T14:05:44.379+0200] [glassfish 5.0] [INFO] [NCLS-CORE-00087] [javax.enterprise.system.core] [tid: _ThreadID=16 _ThreadName=RunLevelControllerThread-1618661143745] [timeMillis: 1618661144379] [levelValue: 800] [[
  Grizzly Framework 2.4.1 started in: 18ms - bound to [/0.0.0.0:8080]]]

[2021-04-17T14:05:44.408+0200] [glassfish 5.0] [INFO] [NCLS-CORE-00087] [javax.enterprise.system.core] [tid: _ThreadID=16 _ThreadName=RunLevelControllerThread-1618661143745] [timeMillis: 1618661144408] [levelValue: 800] [[
  Grizzly Framework 2.4.1 started in: 12ms - bound to [/0.0.0.0:8181]]]

[2021-04-17T14:05:44.425+0200] [glassfish 5.0] [INFO] [NCLS-CORE-00087] [javax.enterprise.system.core] [tid: _ThreadID=16 _ThreadName=RunLevelControllerThread-1618661143745] [timeMillis: 1618661144425] [levelValue: 800] [[
  Grizzly Framework 2.4.1 started in: 0ms - bound to [/0.0.0.0:4848]]]

[2021-04-17T14:05:44.470+0200] [glassfish 5.0] [INFO] [NCLS-CORE-00087] [javax.enterprise.system.core] [tid: _ThreadID=17 _ThreadName=RunLevelControllerThread-1618661143745] [timeMillis: 1618661144470] [levelValue: 800] [[
  Grizzly Framework 2.4.1 started in: 0ms - bound to [/0.0.0.0:3700]]]

[2021-04-17T14:05:44.472+0200] [glassfish 5.0] [INFO] [NCLS-CORE-00017] [javax.enterprise.system.core] [tid: _ThreadID=1 _ThreadName=main] [timeMillis: 1618661144472] [levelValue: 800] [[
  GlassFish Server Open Source Edition  5.0  (25) startup time : Felix (1,487ms), startup services(732ms), total(2,219ms)]]

[2021-04-17T14:05:44.583+0200] [glassfish 5.0] [INFO] [jts.startup_msg] [javax.enterprise.system.core.transaction.com.sun.jts.CosTransactions] [tid: _ThreadID=18 _ThreadName=RunLevelControllerThread-1618661143750] [timeMillis: 1618661144583] [levelValue: 800] [[
  JTS5014: Recoverable JTS instance, serverId = [100]]]

[2021-04-17T14:05:44.714+0200] [glassfish 5.0] [INFO] [NCLS-JMX-00005] [javax.enterprise.system.jmx] [tid: _ThreadID=51 _ThreadName=Thread-12] [timeMillis: 1618661144714] [levelValue: 800] [[
  JMXStartupService has started JMXConnector on JMXService URL service:jmx:rmi://pop-os.localdomain:8686/jndi/rmi://pop-os.localdomain:8686/jmxrmi]]

[2021-04-17T14:05:44.763+0200] [glassfish 5.0] [INFO] [] [org.hibernate.validator.internal.util.Version] [tid: _ThreadID=19 _ThreadName=RunLevelControllerThread-1618661143750] [timeMillis: 1618661144763] [levelValue: 800] [[
  HV000001: Hibernate Validator 6.0.2.Final]]

[2021-04-17T14:05:45.138+0200] [glassfish 5.0] [INFO] [NCLS-CORE-00087] [javax.enterprise.system.core] [tid: _ThreadID=19 _ThreadName=RunLevelControllerThread-1618661143750] [timeMillis: 1618661145138] [levelValue: 800] [[
  Grizzly Framework 2.4.1 started in: 0ms - bound to [/0.0.0.0:7676]]]

[2021-04-17T14:05:45.139+0200] [glassfish 5.0] [INFO] [NCLS-BOOTSTRAP-00027] [javax.enterprise.bootstrap] [tid: _ThreadID=1 _ThreadName=main] [timeMillis: 1618661145139] [levelValue: 800] [[
  Registered com.sun.enterprise.glassfish.bootstrap.osgi.EmbeddedOSGiGlassFishImpl@7bbbb6a8 as OSGi service registration: org.apache.felix.framework.ServiceRegistrationImpl@b18c4.]]

[2021-04-17T14:05:45.382+0200] [glassfish 5.0] [INFO] [] [] [tid: _ThreadID=14 _ThreadName=Thread-8] [timeMillis: 1618661145382] [levelValue: 800] [[
  /home/aliocha/Workspace/M1S2/SRCS/libraries/glassfish5/glassfish/domains/domain1/autodeploy/bundles does not exist, please create it.]]

